============================= test session starts ==============================
platform linux -- Python 3.8.20, pytest-8.3.5, pluggy-1.5.0 -- /workspaces/HSKG/.venv/bin/python
cachedir: .pytest_cache
rootdir: /workspaces/HSKG
plugins: timeout-2.4.0
collecting ... collected 8 items / 2 deselected / 6 selected

tests/test_end_to_end.py::test_end_to_end_run_creates_outputs PASSED     [ 16%]
tests/test_heterogeneous_data.py::test_heterogeneous_extraction_text_only PASSED [ 33%]
tests/test_heterogeneous_data.py::test_heterogeneous_text_modality PASSED [ 50%]
tests/test_heterogeneous_data.py::test_heterogeneous_item_structure PASSED [ 66%]
tests/test_text_processing.py::test_extract_concepts_from_real_csv PASSED [ 83%]
tests/test_text_processing.py::test_concept_categories_assigned PASSED   [100%]

=============================== warnings summary ===============================
<frozen importlib._bootstrap>:219
<frozen importlib._bootstrap>:219
  <frozen importlib._bootstrap>:219: DeprecationWarning: builtin type SwigPyPacked has no __module__ attribute

<frozen importlib._bootstrap>:219
<frozen importlib._bootstrap>:219
  <frozen importlib._bootstrap>:219: DeprecationWarning: builtin type SwigPyObject has no __module__ attribute

<frozen importlib._bootstrap>:219
  <frozen importlib._bootstrap>:219: DeprecationWarning: builtin type swigvarlink has no __module__ attribute

-- Docs: https://docs.pytest.org/en/stable/how-to/capture-warnings.html
================= 6 passed, 2 deselected, 5 warnings in 4.63s ==================
sys:1: DeprecationWarning: builtin type swigvarlink has no __module__ attribute
